<?xml version="1.0" encoding="UTF-8"?>
<!-- Generated by org.testng.reporters.JUnitXMLReporter -->
<testsuite hostname="LTUS43208" ignored="3" name="Command line test 7e7c7bfe-56af-4c25-aac5-7390c99d6743" tests="4" failures="0" timestamp="02 Dec 2017 10:13:04 GMT" time="0.001" errors="0">
  <testcase name="@BeforeClass getBrowserType" time="0.0" classname="com.nbcd.GenericLib.Extent_Reports">
    <failure type="org.testng.TestNGException" message="
Parameter &amp;apos;browser&amp;apos; is required by BeforeClass on method getBrowserType but has not been marked @Optional or defined
">
      <![CDATA[org.testng.TestNGException: 
Parameter 'browser' is required by BeforeClass on method getBrowserType but has not been marked @Optional or defined

	at com.nbcd.TestRunner.TestRunner.tRun(TestRunner.java:85)
	at java.util.concurrent.ThreadPoolExecutor.runWorker(ThreadPoolExecutor.java:1142)
	at java.util.concurrent.ThreadPoolExecutor$Worker.run(ThreadPoolExecutor.java:617)
	at java.lang.Thread.run(Thread.java:745)
... Removed 29 stack frames]]>
    </failure>
  </testcase> <!-- @BeforeClass getBrowserType -->
  <testcase name="@BeforeClass getBrowser" time="0.0" classname="com.nbcd.GenericLib.GetWebDriverInstance">
    <skipped/>
  </testcase> <!-- @BeforeClass getBrowser -->
  <testcase name="@BeforeMethod beforeMethod" time="0.0" classname="com.nbcd.GenericLib.Extent_Reports">
    <skipped/>
  </testcase> <!-- @BeforeMethod beforeMethod -->
  <testcase name="@BeforeClass getBrowserType" time="0.0" classname="com.nbcd.GenericLib.Extent_Reports">
    <skipped/>
  </testcase> <!-- @BeforeClass getBrowserType -->
  <testcase name="@BeforeClass getBrowser" time="0.0" classname="com.nbcd.GenericLib.GetWebDriverInstance">
    <skipped/>
  </testcase> <!-- @BeforeClass getBrowser -->
  <testcase name="@BeforeMethod beforeMethod" time="0.0" classname="com.nbcd.GenericLib.Extent_Reports">
    <skipped/>
  </testcase> <!-- @BeforeMethod beforeMethod -->
  <testcase name="@BeforeClass getBrowserType" time="0.0" classname="com.nbcd.GenericLib.Extent_Reports">
    <skipped/>
  </testcase> <!-- @BeforeClass getBrowserType -->
  <testcase name="@BeforeClass getBrowser" time="0.0" classname="com.nbcd.GenericLib.GetWebDriverInstance">
    <skipped/>
  </testcase> <!-- @BeforeClass getBrowser -->
  <testcase name="@BeforeMethod beforeMethod" time="0.0" classname="com.nbcd.GenericLib.Extent_Reports">
    <skipped/>
  </testcase> <!-- @BeforeMethod beforeMethod -->
  <testcase name="@BeforeClass getBrowserType" time="0.0" classname="com.nbcd.GenericLib.Extent_Reports">
    <skipped/>
  </testcase> <!-- @BeforeClass getBrowserType -->
  <testcase name="@BeforeClass getBrowser" time="0.0" classname="com.nbcd.GenericLib.GetWebDriverInstance">
    <skipped/>
  </testcase> <!-- @BeforeClass getBrowser -->
  <testcase name="@BeforeMethod beforeMethod" time="0.0" classname="com.nbcd.GenericLib.Extent_Reports">
    <skipped/>
  </testcase> <!-- @BeforeMethod beforeMethod -->
  <testcase name="@AfterTest endReport" time="0.0" classname="com.nbcd.GenericLib.Extent_Reports">
    <skipped/>
  </testcase> <!-- @AfterTest endReport -->
  <testcase name="MenuDetails" time="0.0" classname="com.nbcd.Test.TCHomePage">
    <skipped/>
  </testcase> <!-- MenuDetails -->
  <testcase name="ehsf" time="0.0" classname="com.nbcd.Test.TCShowInnerEpisode_ehsf">
    <skipped/>
  </testcase> <!-- ehsf -->
  <testcase name="seo" time="0.0" classname="com.nbcd.Test.TCShowInnerEpisode_seo">
    <skipped/>
  </testcase> <!-- seo -->
  <testcase name="TwitterTags" time="0.0" classname="com.nbcd.Test.TCShowHomePage_043VerifyTwitterTags">
    <skipped/>
  </testcase> <!-- TwitterTags -->
  <testcase name="@AfterTest endReport" time="0.0" classname="com.nbcd.GenericLib.Extent_Reports">
    <ignored/>
  </testcase> <!-- @AfterTest endReport -->
  <testcase name="@AfterTest endReport" time="0.0" classname="com.nbcd.GenericLib.Extent_Reports">
    <ignored/>
  </testcase> <!-- @AfterTest endReport -->
  <testcase name="@AfterTest endReport" time="0.0" classname="com.nbcd.GenericLib.Extent_Reports">
    <ignored/>
  </testcase> <!-- @AfterTest endReport -->
</testsuite> <!-- Command line test 7e7c7bfe-56af-4c25-aac5-7390c99d6743 -->
